Timing Analyzer report for spi
Thu Nov 14 20:23:34 2024
Quartus Prime Version 20.1.1 Build 720 11/11/2020 SJ Lite Edition


---------------------
; Table of Contents ;
---------------------
  1. Legal Notice
  2. Timing Analyzer Summary
  3. Parallel Compilation
  4. Clocks
  5. Slow 1100mV 100C Model Fmax Summary
  6. Timing Closure Recommendations
  7. Slow 1100mV 100C Model Setup Summary
  8. Slow 1100mV 100C Model Hold Summary
  9. Slow 1100mV 100C Model Recovery Summary
 10. Slow 1100mV 100C Model Removal Summary
 11. Slow 1100mV 100C Model Minimum Pulse Width Summary
 12. Slow 1100mV 100C Model Metastability Summary
 13. Slow 1100mV -40C Model Fmax Summary
 14. Slow 1100mV -40C Model Setup Summary
 15. Slow 1100mV -40C Model Hold Summary
 16. Slow 1100mV -40C Model Recovery Summary
 17. Slow 1100mV -40C Model Removal Summary
 18. Slow 1100mV -40C Model Minimum Pulse Width Summary
 19. Slow 1100mV -40C Model Metastability Summary
 20. Fast 1100mV 100C Model Setup Summary
 21. Fast 1100mV 100C Model Hold Summary
 22. Fast 1100mV 100C Model Recovery Summary
 23. Fast 1100mV 100C Model Removal Summary
 24. Fast 1100mV 100C Model Minimum Pulse Width Summary
 25. Fast 1100mV 100C Model Metastability Summary
 26. Fast 1100mV -40C Model Setup Summary
 27. Fast 1100mV -40C Model Hold Summary
 28. Fast 1100mV -40C Model Recovery Summary
 29. Fast 1100mV -40C Model Removal Summary
 30. Fast 1100mV -40C Model Minimum Pulse Width Summary
 31. Fast 1100mV -40C Model Metastability Summary
 32. Multicorner Timing Analysis Summary
 33. Board Trace Model Assignments
 34. Input Transition Times
 35. Signal Integrity Metrics (Slow 1100mv n40c Model)
 36. Signal Integrity Metrics (Slow 1100mv 100c Model)
 37. Signal Integrity Metrics (Fast 1100mv n40c Model)
 38. Signal Integrity Metrics (Fast 1100mv 100c Model)
 39. Setup Transfers
 40. Hold Transfers
 41. Recovery Transfers
 42. Removal Transfers
 43. Report TCCS
 44. Report RSKM
 45. Unconstrained Paths Summary
 46. Clock Status Summary
 47. Unconstrained Input Ports
 48. Unconstrained Output Ports
 49. Unconstrained Input Ports
 50. Unconstrained Output Ports
 51. Timing Analyzer Messages



----------------
; Legal Notice ;
----------------
Copyright (C) 2020  Intel Corporation. All rights reserved.
Your use of Intel Corporation's design tools, logic functions 
and other software and tools, and any partner logic 
functions, and any output files from any of the foregoing 
(including device programming or simulation files), and any 
associated documentation or information are expressly subject 
to the terms and conditions of the Intel Program License 
Subscription Agreement, the Intel Quartus Prime License Agreement,
the Intel FPGA IP License Agreement, or other applicable license
agreement, including, without limitation, that your use is for
the sole purpose of programming logic devices manufactured by
Intel and sold by Intel or its authorized distributors.  Please
refer to the applicable agreement for further details, at
https://fpgasoftware.intel.com/eula.



+-----------------------------------------------------------------------------+
; Timing Analyzer Summary                                                     ;
+-----------------------+-----------------------------------------------------+
; Quartus Prime Version ; Version 20.1.1 Build 720 11/11/2020 SJ Lite Edition ;
; Timing Analyzer       ; Legacy Timing Analyzer                              ;
; Revision Name         ; spi                                                 ;
; Device Family         ; Cyclone V                                           ;
; Device Name           ; 5CSEBA6U23I7L                                       ;
; Timing Models         ; Final                                               ;
; Delay Model           ; Combined                                            ;
; Rise/Fall Delays      ; Enabled                                             ;
+-----------------------+-----------------------------------------------------+


+------------------------------------------+
; Parallel Compilation                     ;
+----------------------------+-------------+
; Processors                 ; Number      ;
+----------------------------+-------------+
; Number detected on machine ; 12          ;
; Maximum allowed            ; 8           ;
;                            ;             ;
; Average used               ; 1.07        ;
; Maximum used               ; 8           ;
;                            ;             ;
; Usage by Processor         ; % Time Used ;
;     Processor 1            ; 100.0%      ;
;     Processor 2            ;   1.9%      ;
;     Processor 3            ;   1.9%      ;
;     Processors 4-8         ;   0.7%      ;
+----------------------------+-------------+


+---------------------------------------------------------------------------------------------------------------------------------------------------------------------------------------+
; Clocks                                                                                                                                                                                ;
+------------+------+--------+------------+-------+-------+------------+-----------+-------------+-------+--------+-----------+------------+----------+--------+--------+---------------+
; Clock Name ; Type ; Period ; Frequency  ; Rise  ; Fall  ; Duty Cycle ; Divide by ; Multiply by ; Phase ; Offset ; Edge List ; Edge Shift ; Inverted ; Master ; Source ; Targets       ;
+------------+------+--------+------------+-------+-------+------------+-----------+-------------+-------+--------+-----------+------------+----------+--------+--------+---------------+
; i_clk      ; Base ; 1.000  ; 1000.0 MHz ; 0.000 ; 0.500 ;            ;           ;             ;       ;        ;           ;            ;          ;        ;        ; { i_clk }     ;
; i_csn      ; Base ; 1.000  ; 1000.0 MHz ; 0.000 ; 0.500 ;            ;           ;             ;       ;        ;           ;            ;          ;        ;        ; { i_csn }     ;
; i_spi_clk  ; Base ; 1.000  ; 1000.0 MHz ; 0.000 ; 0.500 ;            ;           ;             ;       ;        ;           ;            ;          ;        ;        ; { i_spi_clk } ;
+------------+------+--------+------------+-------+-------+------------+-----------+-------------+-------+--------+-----------+------------+----------+--------+--------+---------------+


+--------------------------------------------------------------------------------------------------+
; Slow 1100mV 100C Model Fmax Summary                                                              ;
+------------+-----------------+------------+------------------------------------------------------+
; Fmax       ; Restricted Fmax ; Clock Name ; Note                                                 ;
+------------+-----------------+------------+------------------------------------------------------+
; 600.96 MHz ; 464.68 MHz      ; i_spi_clk  ; limit due to low minimum pulse width violation (tcl) ;
; 753.58 MHz ; 631.31 MHz      ; i_clk      ; limit due to low minimum pulse width violation (tcl) ;
+------------+-----------------+------------+------------------------------------------------------+
This panel reports FMAX for every clock in the design, regardless of the user-specified clock periods.  FMAX is only computed for paths where the source and destination registers or ports are driven by the same clock.  Paths of different clocks, including generated clocks, are ignored.  For paths between a clock and its inversion, FMAX is computed as if the rising and falling edges are scaled along with FMAX, such that the duty cycle (in terms of a percentage) is maintained. Altera recommends that you always use clock constraints and other slack reports for sign-off analysis.


----------------------------------
; Timing Closure Recommendations ;
----------------------------------
HTML report is unavailable in plain text report export.


+--------------------------------------+
; Slow 1100mV 100C Model Setup Summary ;
+-----------+---------+----------------+
; Clock     ; Slack   ; End Point TNS  ;
+-----------+---------+----------------+
; i_spi_clk ; -10.653 ; -33.542        ;
; i_clk     ; -8.720  ; -12.206        ;
+-----------+---------+----------------+


+-------------------------------------+
; Slow 1100mV 100C Model Hold Summary ;
+-----------+--------+----------------+
; Clock     ; Slack  ; End Point TNS  ;
+-----------+--------+----------------+
; i_spi_clk ; -8.133 ; -21.578        ;
; i_clk     ; 0.061  ; 0.000          ;
+-----------+--------+----------------+


+-----------------------------------------+
; Slow 1100mV 100C Model Recovery Summary ;
+-----------+---------+-------------------+
; Clock     ; Slack   ; End Point TNS     ;
+-----------+---------+-------------------+
; i_spi_clk ; -10.336 ; -92.857           ;
+-----------+---------+-------------------+


+----------------------------------------+
; Slow 1100mV 100C Model Removal Summary ;
+-----------+--------+-------------------+
; Clock     ; Slack  ; End Point TNS     ;
+-----------+--------+-------------------+
; i_spi_clk ; -0.661 ; -5.917            ;
+-----------+--------+-------------------+


+----------------------------------------------------+
; Slow 1100mV 100C Model Minimum Pulse Width Summary ;
+-----------+--------+-------------------------------+
; Clock     ; Slack  ; End Point TNS                 ;
+-----------+--------+-------------------------------+
; i_spi_clk ; -0.576 ; -10.111                       ;
; i_clk     ; -0.538 ; -2.482                        ;
; i_csn     ; -0.538 ; -0.968                        ;
+-----------+--------+-------------------------------+


------------------------------------------------
; Slow 1100mV 100C Model Metastability Summary ;
------------------------------------------------
No synchronizer chains to report.


+--------------------------------------------------------------------------------------------------+
; Slow 1100mV -40C Model Fmax Summary                                                              ;
+------------+-----------------+------------+------------------------------------------------------+
; Fmax       ; Restricted Fmax ; Clock Name ; Note                                                 ;
+------------+-----------------+------------+------------------------------------------------------+
; 594.18 MHz ; 457.04 MHz      ; i_spi_clk  ; limit due to low minimum pulse width violation (tcl) ;
; 723.59 MHz ; 650.2 MHz       ; i_clk      ; limit due to minimum period restriction (tmin)       ;
+------------+-----------------+------------+------------------------------------------------------+
This panel reports FMAX for every clock in the design, regardless of the user-specified clock periods.  FMAX is only computed for paths where the source and destination registers or ports are driven by the same clock.  Paths of different clocks, including generated clocks, are ignored.  For paths between a clock and its inversion, FMAX is computed as if the rising and falling edges are scaled along with FMAX, such that the duty cycle (in terms of a percentage) is maintained. Altera recommends that you always use clock constraints and other slack reports for sign-off analysis.


+--------------------------------------+
; Slow 1100mV -40C Model Setup Summary ;
+-----------+--------+-----------------+
; Clock     ; Slack  ; End Point TNS   ;
+-----------+--------+-----------------+
; i_spi_clk ; -9.947 ; -31.497         ;
; i_clk     ; -8.407 ; -11.713         ;
+-----------+--------+-----------------+


+-------------------------------------+
; Slow 1100mV -40C Model Hold Summary ;
+-----------+--------+----------------+
; Clock     ; Slack  ; End Point TNS  ;
+-----------+--------+----------------+
; i_spi_clk ; -7.768 ; -21.610        ;
; i_clk     ; -0.165 ; -0.165         ;
+-----------+--------+----------------+


+-----------------------------------------+
; Slow 1100mV -40C Model Recovery Summary ;
+-----------+--------+--------------------+
; Clock     ; Slack  ; End Point TNS      ;
+-----------+--------+--------------------+
; i_spi_clk ; -9.648 ; -86.683            ;
+-----------+--------+--------------------+


+----------------------------------------+
; Slow 1100mV -40C Model Removal Summary ;
+-----------+--------+-------------------+
; Clock     ; Slack  ; End Point TNS     ;
+-----------+--------+-------------------+
; i_spi_clk ; -1.238 ; -11.099           ;
+-----------+--------+-------------------+


+----------------------------------------------------+
; Slow 1100mV -40C Model Minimum Pulse Width Summary ;
+-----------+--------+-------------------------------+
; Clock     ; Slack  ; End Point TNS                 ;
+-----------+--------+-------------------------------+
; i_spi_clk ; -0.594 ; -10.419                       ;
; i_clk     ; -0.538 ; -2.329                        ;
; i_csn     ; -0.538 ; -1.005                        ;
+-----------+--------+-------------------------------+


------------------------------------------------
; Slow 1100mV -40C Model Metastability Summary ;
------------------------------------------------
No synchronizer chains to report.


+--------------------------------------+
; Fast 1100mV 100C Model Setup Summary ;
+-----------+--------+-----------------+
; Clock     ; Slack  ; End Point TNS   ;
+-----------+--------+-----------------+
; i_spi_clk ; -7.911 ; -21.243         ;
; i_clk     ; -3.579 ; -5.569          ;
+-----------+--------+-----------------+


+-------------------------------------+
; Fast 1100mV 100C Model Hold Summary ;
+-----------+--------+----------------+
; Clock     ; Slack  ; End Point TNS  ;
+-----------+--------+----------------+
; i_spi_clk ; -3.868 ; -8.940         ;
; i_clk     ; -0.196 ; -0.196         ;
+-----------+--------+----------------+


+-----------------------------------------+
; Fast 1100mV 100C Model Recovery Summary ;
+-----------+--------+--------------------+
; Clock     ; Slack  ; End Point TNS      ;
+-----------+--------+--------------------+
; i_spi_clk ; -7.667 ; -68.958            ;
+-----------+--------+--------------------+


+----------------------------------------+
; Fast 1100mV 100C Model Removal Summary ;
+-----------+-------+--------------------+
; Clock     ; Slack ; End Point TNS      ;
+-----------+-------+--------------------+
; i_spi_clk ; 0.748 ; 0.000              ;
+-----------+-------+--------------------+


+----------------------------------------------------+
; Fast 1100mV 100C Model Minimum Pulse Width Summary ;
+-----------+--------+-------------------------------+
; Clock     ; Slack  ; End Point TNS                 ;
+-----------+--------+-------------------------------+
; i_spi_clk ; -0.648 ; -9.520                        ;
; i_csn     ; -0.522 ; -0.875                        ;
; i_clk     ; -0.383 ; -1.662                        ;
+-----------+--------+-------------------------------+


------------------------------------------------
; Fast 1100mV 100C Model Metastability Summary ;
------------------------------------------------
No synchronizer chains to report.


+--------------------------------------+
; Fast 1100mV -40C Model Setup Summary ;
+-----------+--------+-----------------+
; Clock     ; Slack  ; End Point TNS   ;
+-----------+--------+-----------------+
; i_spi_clk ; -6.354 ; -17.367         ;
; i_clk     ; -3.247 ; -5.158          ;
+-----------+--------+-----------------+


+-------------------------------------+
; Fast 1100mV -40C Model Hold Summary ;
+-----------+--------+----------------+
; Clock     ; Slack  ; End Point TNS  ;
+-----------+--------+----------------+
; i_spi_clk ; -3.595 ; -8.964         ;
; i_clk     ; -0.311 ; -0.311         ;
+-----------+--------+----------------+


+-----------------------------------------+
; Fast 1100mV -40C Model Recovery Summary ;
+-----------+--------+--------------------+
; Clock     ; Slack  ; End Point TNS      ;
+-----------+--------+--------------------+
; i_spi_clk ; -6.135 ; -55.185            ;
+-----------+--------+--------------------+


+----------------------------------------+
; Fast 1100mV -40C Model Removal Summary ;
+-----------+-------+--------------------+
; Clock     ; Slack ; End Point TNS      ;
+-----------+-------+--------------------+
; i_spi_clk ; 0.104 ; 0.000              ;
+-----------+-------+--------------------+


+----------------------------------------------------+
; Fast 1100mV -40C Model Minimum Pulse Width Summary ;
+-----------+--------+-------------------------------+
; Clock     ; Slack  ; End Point TNS                 ;
+-----------+--------+-------------------------------+
; i_spi_clk ; -0.728 ; -11.291                       ;
; i_csn     ; -0.611 ; -1.120                        ;
; i_clk     ; -0.445 ; -2.291                        ;
+-----------+--------+-------------------------------+


------------------------------------------------
; Fast 1100mV -40C Model Metastability Summary ;
------------------------------------------------
No synchronizer chains to report.


+---------------------------------------------------------------------------------+
; Multicorner Timing Analysis Summary                                             ;
+------------------+---------+---------+----------+---------+---------------------+
; Clock            ; Setup   ; Hold    ; Recovery ; Removal ; Minimum Pulse Width ;
+------------------+---------+---------+----------+---------+---------------------+
; Worst-case Slack ; -10.653 ; -8.133  ; -10.336  ; -1.238  ; -0.728              ;
;  i_clk           ; -8.720  ; -0.311  ; N/A      ; N/A     ; -0.538              ;
;  i_csn           ; N/A     ; N/A     ; N/A      ; N/A     ; -0.611              ;
;  i_spi_clk       ; -10.653 ; -8.133  ; -10.336  ; -1.238  ; -0.728              ;
; Design-wide TNS  ; -45.748 ; -21.775 ; -92.857  ; -11.099 ; -14.702             ;
;  i_clk           ; -12.206 ; -0.311  ; N/A      ; N/A     ; -2.482              ;
;  i_csn           ; N/A     ; N/A     ; N/A      ; N/A     ; -1.120              ;
;  i_spi_clk       ; -33.542 ; -21.610 ; -92.857  ; -11.099 ; -11.291             ;
+------------------+---------+---------+----------+---------+---------------------+


+---------------------------------------------------------------------------------------------------------------------------------------------------------------------------------------------------------------------------------------------------------------------------------------------------------------------------------------------------------------------------------------------------------------+
; Board Trace Model Assignments                                                                                                                                                                                                                                                                                                                                                                                 ;
+------------+--------------+-------------------+-------------------------+-------------------------+---------------+---------------------+----------------+------------------+--------+------------------+------------------------+------------------------+--------------+---------------+-----------------+-------+---------------------+--------------------+---------------+-----------------+-------------+
; Pin        ; I/O Standard ; Near Tline Length ; Near Tline L per Length ; Near Tline C per Length ; Near Series R ; Near Differential R ; Near Pull-up R ; Near Pull-down R ; Near C ; Far Tline Length ; Far Tline L per Length ; Far Tline C per Length ; Far Series R ; Far Pull-up R ; Far Pull-down R ; Far C ; Termination Voltage ; Far Differential R ; EBD File Name ; EBD Signal Name ; EBD Far-end ;
+------------+--------------+-------------------+-------------------------+-------------------------+---------------+---------------------+----------------+------------------+--------+------------------+------------------------+------------------------+--------------+---------------+-----------------+-------+---------------------+--------------------+---------------+-----------------+-------------+
; o_miso     ; 3.3-V LVTTL  ; 0 in              ; 0 H/in                  ; 0 F/in                  ; short         ; -                   ; open           ; open             ; open   ; 0 in             ; 0 H/in                 ; 0 F/in                 ; short        ; open          ; open            ; open  ; 0 V                 ; -                  ; n/a           ; n/a             ; n/a         ;
; o_datasent ; 3.3-V LVTTL  ; 0 in              ; 0 H/in                  ; 0 F/in                  ; short         ; -                   ; open           ; open             ; open   ; 0 in             ; 0 H/in                 ; 0 F/in                 ; short        ; open          ; open            ; open  ; 0 V                 ; -                  ; n/a           ; n/a             ; n/a         ;
+------------+--------------+-------------------+-------------------------+-------------------------+---------------+---------------------+----------------+------------------+--------+------------------+------------------------+------------------------+--------------+---------------+-----------------+-------+---------------------+--------------------+---------------+-----------------+-------------+


+--------------------------------------------------------------+
; Input Transition Times                                       ;
+-----------+--------------+-----------------+-----------------+
; Pin       ; I/O Standard ; 10-90 Rise Time ; 90-10 Fall Time ;
+-----------+--------------+-----------------+-----------------+
; i_csn     ; 3.3-V LVTTL  ; 2640 ps         ; 2640 ps         ;
; i_clk     ; 3.3-V LVTTL  ; 2640 ps         ; 2640 ps         ;
; i_rstn    ; 3.3-V LVTTL  ; 2640 ps         ; 2640 ps         ;
; i_spi_clk ; 3.3-V LVTTL  ; 2640 ps         ; 2640 ps         ;
+-----------+--------------+-----------------+-----------------+


+-----------------------------------------------------------------------------------------------------------------------------------------------------------------------------------------------------------------------------------------------------------------------------------------------------------------------------------------------------------------------------------------------------------------------------------------------------------------------------------------------------------------------------------------------------------------------------------------------------------------------------------------------------------------------------------------+
; Signal Integrity Metrics (Slow 1100mv n40c Model)                                                                                                                                                                                                                                                                                                                                                                                                                                                                                                                                                                                                                                       ;
+------------+--------------+---------------------+---------------------+------------------------------+------------------------------+---------------------+---------------------+--------------------------------------+--------------------------------------+-----------------------------+-----------------------------+----------------------------+----------------------------+-----------------------------+-----------------------------+--------------------+--------------------+-------------------------------------+-------------------------------------+----------------------------+----------------------------+---------------------------+---------------------------+
; Pin        ; I/O Standard ; Board Delay on Rise ; Board Delay on Fall ; Steady State Voh at FPGA Pin ; Steady State Vol at FPGA Pin ; Voh Max at FPGA Pin ; Vol Min at FPGA Pin ; Ringback Voltage on Rise at FPGA Pin ; Ringback Voltage on Fall at FPGA Pin ; 10-90 Rise Time at FPGA Pin ; 90-10 Fall Time at FPGA Pin ; Monotonic Rise at FPGA Pin ; Monotonic Fall at FPGA Pin ; Steady State Voh at Far-end ; Steady State Vol at Far-end ; Voh Max at Far-end ; Vol Min at Far-end ; Ringback Voltage on Rise at Far-end ; Ringback Voltage on Fall at Far-end ; 10-90 Rise Time at Far-end ; 90-10 Fall Time at Far-end ; Monotonic Rise at Far-end ; Monotonic Fall at Far-end ;
+------------+--------------+---------------------+---------------------+------------------------------+------------------------------+---------------------+---------------------+--------------------------------------+--------------------------------------+-----------------------------+-----------------------------+----------------------------+----------------------------+-----------------------------+-----------------------------+--------------------+--------------------+-------------------------------------+-------------------------------------+----------------------------+----------------------------+---------------------------+---------------------------+
; o_miso     ; 3.3-V LVTTL  ; 0 s                 ; 0 s                 ; 3.08 V                       ; 1.91e-08 V                   ; 3.17 V              ; -0.306 V            ; 0.142 V                              ; 0.425 V                              ; 4.17e-10 s                  ; 1.36e-10 s                  ; Yes                        ; No                         ; 3.08 V                      ; 1.91e-08 V                  ; 3.17 V             ; -0.306 V           ; 0.142 V                             ; 0.425 V                             ; 4.17e-10 s                 ; 1.36e-10 s                 ; Yes                       ; No                        ;
; o_datasent ; 3.3-V LVTTL  ; 0 s                 ; 0 s                 ; 3.08 V                       ; 2e-08 V                      ; 3.17 V              ; -0.245 V            ; 0.166 V                              ; 0.398 V                              ; 4.33e-10 s                  ; 1.46e-10 s                  ; Yes                        ; No                         ; 3.08 V                      ; 2e-08 V                     ; 3.17 V             ; -0.245 V           ; 0.166 V                             ; 0.398 V                             ; 4.33e-10 s                 ; 1.46e-10 s                 ; Yes                       ; No                        ;
+------------+--------------+---------------------+---------------------+------------------------------+------------------------------+---------------------+---------------------+--------------------------------------+--------------------------------------+-----------------------------+-----------------------------+----------------------------+----------------------------+-----------------------------+-----------------------------+--------------------+--------------------+-------------------------------------+-------------------------------------+----------------------------+----------------------------+---------------------------+---------------------------+


+-----------------------------------------------------------------------------------------------------------------------------------------------------------------------------------------------------------------------------------------------------------------------------------------------------------------------------------------------------------------------------------------------------------------------------------------------------------------------------------------------------------------------------------------------------------------------------------------------------------------------------------------------------------------------------------------+
; Signal Integrity Metrics (Slow 1100mv 100c Model)                                                                                                                                                                                                                                                                                                                                                                                                                                                                                                                                                                                                                                       ;
+------------+--------------+---------------------+---------------------+------------------------------+------------------------------+---------------------+---------------------+--------------------------------------+--------------------------------------+-----------------------------+-----------------------------+----------------------------+----------------------------+-----------------------------+-----------------------------+--------------------+--------------------+-------------------------------------+-------------------------------------+----------------------------+----------------------------+---------------------------+---------------------------+
; Pin        ; I/O Standard ; Board Delay on Rise ; Board Delay on Fall ; Steady State Voh at FPGA Pin ; Steady State Vol at FPGA Pin ; Voh Max at FPGA Pin ; Vol Min at FPGA Pin ; Ringback Voltage on Rise at FPGA Pin ; Ringback Voltage on Fall at FPGA Pin ; 10-90 Rise Time at FPGA Pin ; 90-10 Fall Time at FPGA Pin ; Monotonic Rise at FPGA Pin ; Monotonic Fall at FPGA Pin ; Steady State Voh at Far-end ; Steady State Vol at Far-end ; Voh Max at Far-end ; Vol Min at Far-end ; Ringback Voltage on Rise at Far-end ; Ringback Voltage on Fall at Far-end ; 10-90 Rise Time at Far-end ; 90-10 Fall Time at Far-end ; Monotonic Rise at Far-end ; Monotonic Fall at Far-end ;
+------------+--------------+---------------------+---------------------+------------------------------+------------------------------+---------------------+---------------------+--------------------------------------+--------------------------------------+-----------------------------+-----------------------------+----------------------------+----------------------------+-----------------------------+-----------------------------+--------------------+--------------------+-------------------------------------+-------------------------------------+----------------------------+----------------------------+---------------------------+---------------------------+
; o_miso     ; 3.3-V LVTTL  ; 0 s                 ; 0 s                 ; 3.08 V                       ; 3.73e-05 V                   ; 3.11 V              ; -0.104 V            ; 0.101 V                              ; 0.139 V                              ; 5.54e-10 s                  ; 3.16e-10 s                  ; Yes                        ; Yes                        ; 3.08 V                      ; 3.73e-05 V                  ; 3.11 V             ; -0.104 V           ; 0.101 V                             ; 0.139 V                             ; 5.54e-10 s                 ; 3.16e-10 s                 ; Yes                       ; Yes                       ;
; o_datasent ; 3.3-V LVTTL  ; 0 s                 ; 0 s                 ; 3.08 V                       ; 3.87e-05 V                   ; 3.11 V              ; -0.0814 V           ; 0.131 V                              ; 0.136 V                              ; 5.88e-10 s                  ; 3.2e-10 s                   ; Yes                        ; Yes                        ; 3.08 V                      ; 3.87e-05 V                  ; 3.11 V             ; -0.0814 V          ; 0.131 V                             ; 0.136 V                             ; 5.88e-10 s                 ; 3.2e-10 s                  ; Yes                       ; Yes                       ;
+------------+--------------+---------------------+---------------------+------------------------------+------------------------------+---------------------+---------------------+--------------------------------------+--------------------------------------+-----------------------------+-----------------------------+----------------------------+----------------------------+-----------------------------+-----------------------------+--------------------+--------------------+-------------------------------------+-------------------------------------+----------------------------+----------------------------+---------------------------+---------------------------+


+-----------------------------------------------------------------------------------------------------------------------------------------------------------------------------------------------------------------------------------------------------------------------------------------------------------------------------------------------------------------------------------------------------------------------------------------------------------------------------------------------------------------------------------------------------------------------------------------------------------------------------------------------------------------------------------------+
; Signal Integrity Metrics (Fast 1100mv n40c Model)                                                                                                                                                                                                                                                                                                                                                                                                                                                                                                                                                                                                                                       ;
+------------+--------------+---------------------+---------------------+------------------------------+------------------------------+---------------------+---------------------+--------------------------------------+--------------------------------------+-----------------------------+-----------------------------+----------------------------+----------------------------+-----------------------------+-----------------------------+--------------------+--------------------+-------------------------------------+-------------------------------------+----------------------------+----------------------------+---------------------------+---------------------------+
; Pin        ; I/O Standard ; Board Delay on Rise ; Board Delay on Fall ; Steady State Voh at FPGA Pin ; Steady State Vol at FPGA Pin ; Voh Max at FPGA Pin ; Vol Min at FPGA Pin ; Ringback Voltage on Rise at FPGA Pin ; Ringback Voltage on Fall at FPGA Pin ; 10-90 Rise Time at FPGA Pin ; 90-10 Fall Time at FPGA Pin ; Monotonic Rise at FPGA Pin ; Monotonic Fall at FPGA Pin ; Steady State Voh at Far-end ; Steady State Vol at Far-end ; Voh Max at Far-end ; Vol Min at Far-end ; Ringback Voltage on Rise at Far-end ; Ringback Voltage on Fall at Far-end ; 10-90 Rise Time at Far-end ; 90-10 Fall Time at Far-end ; Monotonic Rise at Far-end ; Monotonic Fall at Far-end ;
+------------+--------------+---------------------+---------------------+------------------------------+------------------------------+---------------------+---------------------+--------------------------------------+--------------------------------------+-----------------------------+-----------------------------+----------------------------+----------------------------+-----------------------------+-----------------------------+--------------------+--------------------+-------------------------------------+-------------------------------------+----------------------------+----------------------------+---------------------------+---------------------------+
; o_miso     ; 3.3-V LVTTL  ; 0 s                 ; 0 s                 ; 3.63 V                       ; 4.42e-07 V                   ; 3.75 V              ; -0.588 V            ; 0.329 V                              ; 0.704 V                              ; 2.77e-10 s                  ; 1.3e-10 s                   ; Yes                        ; No                         ; 3.63 V                      ; 4.42e-07 V                  ; 3.75 V             ; -0.588 V           ; 0.329 V                             ; 0.704 V                             ; 2.77e-10 s                 ; 1.3e-10 s                  ; Yes                       ; No                        ;
; o_datasent ; 3.3-V LVTTL  ; 0 s                 ; 0 s                 ; 3.63 V                       ; 4.64e-07 V                   ; 3.74 V              ; -0.508 V            ; 0.391 V                              ; 0.647 V                              ; 3.08e-10 s                  ; 1.34e-10 s                  ; No                         ; No                         ; 3.63 V                      ; 4.64e-07 V                  ; 3.74 V             ; -0.508 V           ; 0.391 V                             ; 0.647 V                             ; 3.08e-10 s                 ; 1.34e-10 s                 ; No                        ; No                        ;
+------------+--------------+---------------------+---------------------+------------------------------+------------------------------+---------------------+---------------------+--------------------------------------+--------------------------------------+-----------------------------+-----------------------------+----------------------------+----------------------------+-----------------------------+-----------------------------+--------------------+--------------------+-------------------------------------+-------------------------------------+----------------------------+----------------------------+---------------------------+---------------------------+


+-----------------------------------------------------------------------------------------------------------------------------------------------------------------------------------------------------------------------------------------------------------------------------------------------------------------------------------------------------------------------------------------------------------------------------------------------------------------------------------------------------------------------------------------------------------------------------------------------------------------------------------------------------------------------------------------+
; Signal Integrity Metrics (Fast 1100mv 100c Model)                                                                                                                                                                                                                                                                                                                                                                                                                                                                                                                                                                                                                                       ;
+------------+--------------+---------------------+---------------------+------------------------------+------------------------------+---------------------+---------------------+--------------------------------------+--------------------------------------+-----------------------------+-----------------------------+----------------------------+----------------------------+-----------------------------+-----------------------------+--------------------+--------------------+-------------------------------------+-------------------------------------+----------------------------+----------------------------+---------------------------+---------------------------+
; Pin        ; I/O Standard ; Board Delay on Rise ; Board Delay on Fall ; Steady State Voh at FPGA Pin ; Steady State Vol at FPGA Pin ; Voh Max at FPGA Pin ; Vol Min at FPGA Pin ; Ringback Voltage on Rise at FPGA Pin ; Ringback Voltage on Fall at FPGA Pin ; 10-90 Rise Time at FPGA Pin ; 90-10 Fall Time at FPGA Pin ; Monotonic Rise at FPGA Pin ; Monotonic Fall at FPGA Pin ; Steady State Voh at Far-end ; Steady State Vol at Far-end ; Voh Max at Far-end ; Vol Min at Far-end ; Ringback Voltage on Rise at Far-end ; Ringback Voltage on Fall at Far-end ; 10-90 Rise Time at Far-end ; 90-10 Fall Time at Far-end ; Monotonic Rise at Far-end ; Monotonic Fall at Far-end ;
+------------+--------------+---------------------+---------------------+------------------------------+------------------------------+---------------------+---------------------+--------------------------------------+--------------------------------------+-----------------------------+-----------------------------+----------------------------+----------------------------+-----------------------------+-----------------------------+--------------------+--------------------+-------------------------------------+-------------------------------------+----------------------------+----------------------------+---------------------------+---------------------------+
; o_miso     ; 3.3-V LVTTL  ; 0 s                 ; 0 s                 ; 3.63 V                       ; 0.000379 V                   ; 3.65 V              ; -0.289 V            ; 0.051 V                              ; 0.523 V                              ; 4.36e-10 s                  ; 1.95e-10 s                  ; Yes                        ; No                         ; 3.63 V                      ; 0.000379 V                  ; 3.65 V             ; -0.289 V           ; 0.051 V                             ; 0.523 V                             ; 4.36e-10 s                 ; 1.95e-10 s                 ; Yes                       ; No                        ;
; o_datasent ; 3.3-V LVTTL  ; 0 s                 ; 0 s                 ; 3.63 V                       ; 0.000395 V                   ; 3.65 V              ; -0.232 V            ; 0.065 V                              ; 0.547 V                              ; 4.68e-10 s                  ; 2.07e-10 s                  ; Yes                        ; No                         ; 3.63 V                      ; 0.000395 V                  ; 3.65 V             ; -0.232 V           ; 0.065 V                             ; 0.547 V                             ; 4.68e-10 s                 ; 2.07e-10 s                 ; Yes                       ; No                        ;
+------------+--------------+---------------------+---------------------+------------------------------+------------------------------+---------------------+---------------------+--------------------------------------+--------------------------------------+-----------------------------+-----------------------------+----------------------------+----------------------------+-----------------------------+-----------------------------+--------------------+--------------------+-------------------------------------+-------------------------------------+----------------------------+----------------------------+---------------------------+---------------------------+


+--------------------------------------------------------------------+
; Setup Transfers                                                    ;
+------------+-----------+----------+----------+----------+----------+
; From Clock ; To Clock  ; RR Paths ; FR Paths ; RF Paths ; FF Paths ;
+------------+-----------+----------+----------+----------+----------+
; i_clk      ; i_clk     ; 4        ; 0        ; 0        ; 0        ;
; i_csn      ; i_clk     ; 1        ; 1        ; 0        ; 0        ;
; i_spi_clk  ; i_clk     ; 1        ; 0        ; 0        ; 0        ;
; i_clk      ; i_spi_clk ; 3        ; 0        ; 0        ; 0        ;
; i_csn      ; i_spi_clk ; 3        ; 4        ; 0        ; 0        ;
; i_spi_clk  ; i_spi_clk ; 18       ; 0        ; 0        ; 0        ;
+------------+-----------+----------+----------+----------+----------+
Entries labeled "false path" only account for clock-to-clock false paths and not path-based false paths. As a result, actual path counts may be lower than reported.


+--------------------------------------------------------------------+
; Hold Transfers                                                     ;
+------------+-----------+----------+----------+----------+----------+
; From Clock ; To Clock  ; RR Paths ; FR Paths ; RF Paths ; FF Paths ;
+------------+-----------+----------+----------+----------+----------+
; i_clk      ; i_clk     ; 4        ; 0        ; 0        ; 0        ;
; i_csn      ; i_clk     ; 1        ; 1        ; 0        ; 0        ;
; i_spi_clk  ; i_clk     ; 1        ; 0        ; 0        ; 0        ;
; i_clk      ; i_spi_clk ; 3        ; 0        ; 0        ; 0        ;
; i_csn      ; i_spi_clk ; 3        ; 4        ; 0        ; 0        ;
; i_spi_clk  ; i_spi_clk ; 18       ; 0        ; 0        ; 0        ;
+------------+-----------+----------+----------+----------+----------+
Entries labeled "false path" only account for clock-to-clock false paths and not path-based false paths. As a result, actual path counts may be lower than reported.


+--------------------------------------------------------------------+
; Recovery Transfers                                                 ;
+------------+-----------+----------+----------+----------+----------+
; From Clock ; To Clock  ; RR Paths ; FR Paths ; RF Paths ; FF Paths ;
+------------+-----------+----------+----------+----------+----------+
; i_csn      ; i_spi_clk ; 9        ; 9        ; 0        ; 0        ;
+------------+-----------+----------+----------+----------+----------+
Entries labeled "false path" only account for clock-to-clock false paths and not path-based false paths. As a result, actual path counts may be lower than reported.


+--------------------------------------------------------------------+
; Removal Transfers                                                  ;
+------------+-----------+----------+----------+----------+----------+
; From Clock ; To Clock  ; RR Paths ; FR Paths ; RF Paths ; FF Paths ;
+------------+-----------+----------+----------+----------+----------+
; i_csn      ; i_spi_clk ; 9        ; 9        ; 0        ; 0        ;
+------------+-----------+----------+----------+----------+----------+
Entries labeled "false path" only account for clock-to-clock false paths and not path-based false paths. As a result, actual path counts may be lower than reported.


---------------
; Report TCCS ;
---------------
No dedicated SERDES Transmitter circuitry present in device or used in design


---------------
; Report RSKM ;
---------------
No non-DPA dedicated SERDES Receiver circuitry present in device or used in design


+------------------------------------------------+
; Unconstrained Paths Summary                    ;
+---------------------------------+-------+------+
; Property                        ; Setup ; Hold ;
+---------------------------------+-------+------+
; Illegal Clocks                  ; 0     ; 0    ;
; Unconstrained Clocks            ; 0     ; 0    ;
; Unconstrained Input Ports       ; 2     ; 2    ;
; Unconstrained Input Port Paths  ; 5     ; 5    ;
; Unconstrained Output Ports      ; 2     ; 2    ;
; Unconstrained Output Port Paths ; 4     ; 4    ;
+---------------------------------+-------+------+


+--------------------------------------------+
; Clock Status Summary                       ;
+-----------+-----------+------+-------------+
; Target    ; Clock     ; Type ; Status      ;
+-----------+-----------+------+-------------+
; i_clk     ; i_clk     ; Base ; Constrained ;
; i_csn     ; i_csn     ; Base ; Constrained ;
; i_spi_clk ; i_spi_clk ; Base ; Constrained ;
+-----------+-----------+------+-------------+


+---------------------------------------------------------------------------------------------------+
; Unconstrained Input Ports                                                                         ;
+------------+--------------------------------------------------------------------------------------+
; Input Port ; Comment                                                                              ;
+------------+--------------------------------------------------------------------------------------+
; i_csn      ; No input delay, min/max delays, false-path exceptions, or max skew assignments found ;
; i_rstn     ; No input delay, min/max delays, false-path exceptions, or max skew assignments found ;
+------------+--------------------------------------------------------------------------------------+


+-----------------------------------------------------------------------------------------------------+
; Unconstrained Output Ports                                                                          ;
+-------------+---------------------------------------------------------------------------------------+
; Output Port ; Comment                                                                               ;
+-------------+---------------------------------------------------------------------------------------+
; o_datasent  ; No output delay, min/max delays, false-path exceptions, or max skew assignments found ;
; o_miso      ; No output delay, min/max delays, false-path exceptions, or max skew assignments found ;
+-------------+---------------------------------------------------------------------------------------+


+---------------------------------------------------------------------------------------------------+
; Unconstrained Input Ports                                                                         ;
+------------+--------------------------------------------------------------------------------------+
; Input Port ; Comment                                                                              ;
+------------+--------------------------------------------------------------------------------------+
; i_csn      ; No input delay, min/max delays, false-path exceptions, or max skew assignments found ;
; i_rstn     ; No input delay, min/max delays, false-path exceptions, or max skew assignments found ;
+------------+--------------------------------------------------------------------------------------+


+-----------------------------------------------------------------------------------------------------+
; Unconstrained Output Ports                                                                          ;
+-------------+---------------------------------------------------------------------------------------+
; Output Port ; Comment                                                                               ;
+-------------+---------------------------------------------------------------------------------------+
; o_datasent  ; No output delay, min/max delays, false-path exceptions, or max skew assignments found ;
; o_miso      ; No output delay, min/max delays, false-path exceptions, or max skew assignments found ;
+-------------+---------------------------------------------------------------------------------------+


+--------------------------+
; Timing Analyzer Messages ;
+--------------------------+
Info: *******************************************************************
Info: Running Quartus Prime Timing Analyzer
    Info: Version 20.1.1 Build 720 11/11/2020 SJ Lite Edition
    Info: Processing started: Thu Nov 14 20:23:30 2024
Info: Command: quartus_sta spi -c spi
Info: qsta_default_script.tcl version: #1
Warning (18236): Number of processors has not been specified which may cause overloading on shared machines.  Set the global assignment NUM_PARALLEL_PROCESSORS in your QSF to an appropriate value for best performance.
Info (20030): Parallel compilation is enabled and will use 8 of the 8 processors detected
Info (21077): Low junction temperature is -40 degrees C
Info (21077): High junction temperature is 100 degrees C
Critical Warning (332012): Synopsys Design Constraints File file not found: 'spi.sdc'. A Synopsys Design Constraints File is required by the Timing Analyzer to get proper timing constraints. Without it, the Compiler will not properly optimize the design.
Info (332142): No user constrained base clocks found in the design. Calling "derive_clocks -period 1.0"
Info (332105): Deriving Clocks
    Info (332105): create_clock -period 1.000 -name i_spi_clk i_spi_clk
    Info (332105): create_clock -period 1.000 -name i_csn i_csn
    Info (332105): create_clock -period 1.000 -name i_clk i_clk
Info (332143): No user constrained clock uncertainty found in the design. Calling "derive_clock_uncertainty"
Info (332123): Deriving Clock Uncertainty. Please refer to report_sdc in the Timing Analyzer to see clock uncertainties.
Info: Found TIMING_ANALYZER_REPORT_SCRIPT_INCLUDE_DEFAULT_ANALYSIS = ON
Info: Analyzing Slow 1100mV 100C Model
Critical Warning (332148): Timing requirements not met
    Info (11105): For recommendations on closing timing, run Report Timing Closure Recommendations in the Timing Analyzer.
Info (332146): Worst-case setup slack is -10.653
    Info (332119):     Slack       End Point TNS Clock 
    Info (332119): ========= =================== =====================
    Info (332119):   -10.653             -33.542 i_spi_clk 
    Info (332119):    -8.720             -12.206 i_clk 
Info (332146): Worst-case hold slack is -8.133
    Info (332119):     Slack       End Point TNS Clock 
    Info (332119): ========= =================== =====================
    Info (332119):    -8.133             -21.578 i_spi_clk 
    Info (332119):     0.061               0.000 i_clk 
Info (332146): Worst-case recovery slack is -10.336
    Info (332119):     Slack       End Point TNS Clock 
    Info (332119): ========= =================== =====================
    Info (332119):   -10.336             -92.857 i_spi_clk 
Info (332146): Worst-case removal slack is -0.661
    Info (332119):     Slack       End Point TNS Clock 
    Info (332119): ========= =================== =====================
    Info (332119):    -0.661              -5.917 i_spi_clk 
Info (332146): Worst-case minimum pulse width slack is -0.576
    Info (332119):     Slack       End Point TNS Clock 
    Info (332119): ========= =================== =====================
    Info (332119):    -0.576             -10.111 i_spi_clk 
    Info (332119):    -0.538              -2.482 i_clk 
    Info (332119):    -0.538              -0.968 i_csn 
Info: Analyzing Slow 1100mV -40C Model
Info (334003): Started post-fitting delay annotation
Info (334004): Delay annotation completed successfully
Info (332123): Deriving Clock Uncertainty. Please refer to report_sdc in the Timing Analyzer to see clock uncertainties.
Critical Warning (332148): Timing requirements not met
    Info (11105): For recommendations on closing timing, run Report Timing Closure Recommendations in the Timing Analyzer.
Info (332146): Worst-case setup slack is -9.947
    Info (332119):     Slack       End Point TNS Clock 
    Info (332119): ========= =================== =====================
    Info (332119):    -9.947             -31.497 i_spi_clk 
    Info (332119):    -8.407             -11.713 i_clk 
Info (332146): Worst-case hold slack is -7.768
    Info (332119):     Slack       End Point TNS Clock 
    Info (332119): ========= =================== =====================
    Info (332119):    -7.768             -21.610 i_spi_clk 
    Info (332119):    -0.165              -0.165 i_clk 
Info (332146): Worst-case recovery slack is -9.648
    Info (332119):     Slack       End Point TNS Clock 
    Info (332119): ========= =================== =====================
    Info (332119):    -9.648             -86.683 i_spi_clk 
Info (332146): Worst-case removal slack is -1.238
    Info (332119):     Slack       End Point TNS Clock 
    Info (332119): ========= =================== =====================
    Info (332119):    -1.238             -11.099 i_spi_clk 
Info (332146): Worst-case minimum pulse width slack is -0.594
    Info (332119):     Slack       End Point TNS Clock 
    Info (332119): ========= =================== =====================
    Info (332119):    -0.594             -10.419 i_spi_clk 
    Info (332119):    -0.538              -2.329 i_clk 
    Info (332119):    -0.538              -1.005 i_csn 
Info: Analyzing Fast 1100mV 100C Model
Info (334003): Started post-fitting delay annotation
Info (334004): Delay annotation completed successfully
Info (332123): Deriving Clock Uncertainty. Please refer to report_sdc in the Timing Analyzer to see clock uncertainties.
Critical Warning (332148): Timing requirements not met
    Info (11105): For recommendations on closing timing, run Report Timing Closure Recommendations in the Timing Analyzer.
Info (332146): Worst-case setup slack is -7.911
    Info (332119):     Slack       End Point TNS Clock 
    Info (332119): ========= =================== =====================
    Info (332119):    -7.911             -21.243 i_spi_clk 
    Info (332119):    -3.579              -5.569 i_clk 
Info (332146): Worst-case hold slack is -3.868
    Info (332119):     Slack       End Point TNS Clock 
    Info (332119): ========= =================== =====================
    Info (332119):    -3.868              -8.940 i_spi_clk 
    Info (332119):    -0.196              -0.196 i_clk 
Info (332146): Worst-case recovery slack is -7.667
    Info (332119):     Slack       End Point TNS Clock 
    Info (332119): ========= =================== =====================
    Info (332119):    -7.667             -68.958 i_spi_clk 
Info (332146): Worst-case removal slack is 0.748
    Info (332119):     Slack       End Point TNS Clock 
    Info (332119): ========= =================== =====================
    Info (332119):     0.748               0.000 i_spi_clk 
Info (332146): Worst-case minimum pulse width slack is -0.648
    Info (332119):     Slack       End Point TNS Clock 
    Info (332119): ========= =================== =====================
    Info (332119):    -0.648              -9.520 i_spi_clk 
    Info (332119):    -0.522              -0.875 i_csn 
    Info (332119):    -0.383              -1.662 i_clk 
Info: Analyzing Fast 1100mV -40C Model
Info (332123): Deriving Clock Uncertainty. Please refer to report_sdc in the Timing Analyzer to see clock uncertainties.
Critical Warning (332148): Timing requirements not met
    Info (11105): For recommendations on closing timing, run Report Timing Closure Recommendations in the Timing Analyzer.
Info (332146): Worst-case setup slack is -6.354
    Info (332119):     Slack       End Point TNS Clock 
    Info (332119): ========= =================== =====================
    Info (332119):    -6.354             -17.367 i_spi_clk 
    Info (332119):    -3.247              -5.158 i_clk 
Info (332146): Worst-case hold slack is -3.595
    Info (332119):     Slack       End Point TNS Clock 
    Info (332119): ========= =================== =====================
    Info (332119):    -3.595              -8.964 i_spi_clk 
    Info (332119):    -0.311              -0.311 i_clk 
Info (332146): Worst-case recovery slack is -6.135
    Info (332119):     Slack       End Point TNS Clock 
    Info (332119): ========= =================== =====================
    Info (332119):    -6.135             -55.185 i_spi_clk 
Info (332146): Worst-case removal slack is 0.104
    Info (332119):     Slack       End Point TNS Clock 
    Info (332119): ========= =================== =====================
    Info (332119):     0.104               0.000 i_spi_clk 
Info (332146): Worst-case minimum pulse width slack is -0.728
    Info (332119):     Slack       End Point TNS Clock 
    Info (332119): ========= =================== =====================
    Info (332119):    -0.728             -11.291 i_spi_clk 
    Info (332119):    -0.611              -1.120 i_csn 
    Info (332119):    -0.445              -2.291 i_clk 
Info (332102): Design is not fully constrained for setup requirements
Info (332102): Design is not fully constrained for hold requirements
Info: Quartus Prime Timing Analyzer was successful. 0 errors, 6 warnings
    Info: Peak virtual memory: 5223 megabytes
    Info: Processing ended: Thu Nov 14 20:23:34 2024
    Info: Elapsed time: 00:00:04
    Info: Total CPU time (on all processors): 00:00:01


