Flow report for nes_naked
Wed Apr 17 18:31:33 2024
Quartus Prime Version 20.1.1 Build 720 11/11/2020 SJ Lite Edition


---------------------
; Table of Contents ;
---------------------
  1. Legal Notice
  2. Flow Summary
  3. Flow Settings
  4. Flow Non-Default Global Settings
  5. Flow Elapsed Time
  6. Flow OS Summary
  7. Flow Log
  8. Flow Messages
  9. Flow Suppressed Messages



----------------
; Legal Notice ;
----------------
Copyright (C) 2020  Intel Corporation. All rights reserved.
Your use of Intel Corporation's design tools, logic functions 
and other software and tools, and any partner logic 
functions, and any output files from any of the foregoing 
(including device programming or simulation files), and any 
associated documentation or information are expressly subject 
to the terms and conditions of the Intel Program License 
Subscription Agreement, the Intel Quartus Prime License Agreement,
the Intel FPGA IP License Agreement, or other applicable license
agreement, including, without limitation, that your use is for
the sole purpose of programming logic devices manufactured by
Intel and sold by Intel or its authorized distributors.  Please
refer to the applicable agreement for further details, at
https://fpgasoftware.intel.com/eula.



+-------------------------------------------------------------------------------+
; Flow Summary                                                                  ;
+---------------------------------+---------------------------------------------+
; Flow Status                     ; Successful - Wed Apr 17 18:31:33 2024       ;
; Quartus Prime Version           ; 20.1.1 Build 720 11/11/2020 SJ Lite Edition ;
; Revision Name                   ; nes_naked                                   ;
; Top-level Entity Name           ; top_level                                   ;
; Family                          ; Cyclone V                                   ;
; Device                          ; 5CSXFC6D6F31C6                              ;
; Timing Models                   ; Final                                       ;
; Logic utilization (in ALMs)     ; 1 / 41,910 ( < 1 % )                        ;
; Total registers                 ; 0                                           ;
; Total pins                      ; 247 / 499 ( 49 % )                          ;
; Total virtual pins              ; 0                                           ;
; Total block memory bits         ; 0 / 5,662,720 ( 0 % )                       ;
; Total DSP Blocks                ; 0 / 112 ( 0 % )                             ;
; Total HSSI RX PCSs              ; 0 / 9 ( 0 % )                               ;
; Total HSSI PMA RX Deserializers ; 0 / 9 ( 0 % )                               ;
; Total HSSI TX PCSs              ; 0 / 9 ( 0 % )                               ;
; Total HSSI PMA TX Serializers   ; 0 / 9 ( 0 % )                               ;
; Total PLLs                      ; 0 / 15 ( 0 % )                              ;
; Total DLLs                      ; 0 / 4 ( 0 % )                               ;
+---------------------------------+---------------------------------------------+


+-----------------------------------------+
; Flow Settings                           ;
+-------------------+---------------------+
; Option            ; Setting             ;
+-------------------+---------------------+
; Start date & time ; 04/17/2024 18:29:33 ;
; Main task         ; Compilation         ;
; Revision Name     ; nes_naked           ;
+-------------------+---------------------+


+----------------------------------------------------------------------------------------------------------------------------------------------------------------------------------------------------------------------------+
; Flow Non-Default Global Settings                                                                                                                                                                                           ;
+-------------------------------------+--------------------------------------------------------------------------------------------------------------------+---------------+-------------+-----------------------------------+
; Assignment Name                     ; Value                                                                                                              ; Default Value ; Entity Name ; Section Id                        ;
+-------------------------------------+--------------------------------------------------------------------------------------------------------------------+---------------+-------------+-----------------------------------+
; COMPILER_SIGNATURE_ID               ; 10995770589195.171339297301208                                                                                     ; --            ; --          ; --                                ;
; EDA_GENERATE_FUNCTIONAL_NETLIST     ; Off                                                                                                                ; --            ; --          ; eda_board_design_timing           ;
; EDA_GENERATE_FUNCTIONAL_NETLIST     ; Off                                                                                                                ; --            ; --          ; eda_board_design_boundary_scan    ;
; EDA_GENERATE_FUNCTIONAL_NETLIST     ; Off                                                                                                                ; --            ; --          ; eda_board_design_signal_integrity ;
; EDA_GENERATE_FUNCTIONAL_NETLIST     ; Off                                                                                                                ; --            ; --          ; eda_board_design_symbol           ;
; EDA_OUTPUT_DATA_FORMAT              ; Verilog Hdl                                                                                                        ; --            ; --          ; eda_simulation                    ;
; EDA_SIMULATION_TOOL                 ; ModelSim-Altera (Verilog)                                                                                          ; <None>        ; --          ; --                                ;
; EDA_TIME_SCALE                      ; 1 ps                                                                                                               ; --            ; --          ; eda_simulation                    ;
; MAX_CORE_JUNCTION_TEMP              ; 85                                                                                                                 ; --            ; --          ; --                                ;
; MIN_CORE_JUNCTION_TEMP              ; 0                                                                                                                  ; --            ; --          ; --                                ;
; MISC_FILE                           ; verilog_files/nes cpu/pll.cmp                                                                                      ; --            ; --          ; --                                ;
; PARTITION_COLOR                     ; -- (Not supported for targeted family)                                                                             ; --            ; top_level   ; Top                               ;
; PARTITION_FITTER_PRESERVATION_LEVEL ; -- (Not supported for targeted family)                                                                             ; --            ; top_level   ; Top                               ;
; PARTITION_NETLIST_TYPE              ; -- (Not supported for targeted family)                                                                             ; --            ; top_level   ; Top                               ;
; POWER_BOARD_THERMAL_MODEL           ; None (CONSERVATIVE)                                                                                                ; --            ; --          ; --                                ;
; POWER_DEFAULT_INPUT_IO_TOGGLE_RATE  ; 95%                                                                                                                ; 12.5%         ; --          ; --                                ;
; POWER_OUTPUT_SAF_NAME               ; C:\Users\steve\git_repos\school\cen3907\NES_fpga_development\hardware_development\naked_core\signal_activities.saf ; --            ; --          ; --                                ;
; POWER_PRESET_COOLING_SOLUTION       ; No Heat Sink With Still Air                                                                                        ; --            ; --          ; --                                ;
; PROJECT_OUTPUT_DIRECTORY            ; output_files                                                                                                       ; --            ; --          ; --                                ;
; SYNTHESIS_ONLY_QIP                  ; On                                                                                                                 ; --            ; --          ; --                                ;
; TOP_LEVEL_ENTITY                    ; top_level                                                                                                          ; nes_naked     ; --          ; --                                ;
+-------------------------------------+--------------------------------------------------------------------------------------------------------------------+---------------+-------------+-----------------------------------+


+--------------------------------------------------------------------------------------------------------------------------+
; Flow Elapsed Time                                                                                                        ;
+----------------------+--------------+-------------------------+---------------------+------------------------------------+
; Module Name          ; Elapsed Time ; Average Processors Used ; Peak Virtual Memory ; Total CPU Time (on all processors) ;
+----------------------+--------------+-------------------------+---------------------+------------------------------------+
; Analysis & Synthesis ; 00:00:16     ; 1.0                     ; 4894 MB             ; 00:00:12                           ;
; Fitter               ; 00:01:11     ; 1.0                     ; 6960 MB             ; 00:01:13                           ;
; Assembler            ; 00:00:15     ; 1.0                     ; 4846 MB             ; 00:00:05                           ;
; Timing Analyzer      ; 00:00:10     ; 1.0                     ; 5180 MB             ; 00:00:03                           ;
; EDA Netlist Writer   ; 00:00:03     ; 1.0                     ; 4731 MB             ; 00:00:01                           ;
; Total                ; 00:01:55     ; --                      ; --                  ; 00:01:34                           ;
+----------------------+--------------+-------------------------+---------------------+------------------------------------+


+------------------------------------------------------------------------------------+
; Flow OS Summary                                                                    ;
+----------------------+------------------+------------+------------+----------------+
; Module Name          ; Machine Hostname ; OS Name    ; OS Version ; Processor type ;
+----------------------+------------------+------------+------------+----------------+
; Analysis & Synthesis ; Stevens_Victus   ; Windows 10 ; 10.0       ; x86_64         ;
; Fitter               ; Stevens_Victus   ; Windows 10 ; 10.0       ; x86_64         ;
; Assembler            ; Stevens_Victus   ; Windows 10 ; 10.0       ; x86_64         ;
; Timing Analyzer      ; Stevens_Victus   ; Windows 10 ; 10.0       ; x86_64         ;
; EDA Netlist Writer   ; Stevens_Victus   ; Windows 10 ; 10.0       ; x86_64         ;
+----------------------+------------------+------------+------------+----------------+


------------
; Flow Log ;
------------
quartus_map --read_settings_files=on --write_settings_files=off nes_naked -c nes_naked
quartus_fit --read_settings_files=off --write_settings_files=off nes_naked -c nes_naked
quartus_asm --read_settings_files=off --write_settings_files=off nes_naked -c nes_naked
quartus_sta nes_naked -c nes_naked
quartus_eda --read_settings_files=off --write_settings_files=off nes_naked -c nes_naked



